
> server@1.0.0 dev
> tsx watch src/index.ts

◇ injected env (8) from .env // tip: ◈ encrypted .env [www.dotenvx.com]
I-TRACK API listening on http://localhost:4000
[0mGET / [33m404[0m 7.176 ms - 61[0m
[0mGET /favicon.ico [33m404[0m 0.768 ms - 61[0m
[0mGET / [33m404[0m 0.848 ms - 61[0m
[0mPOST /api/v1/auth/register [32m201[0m 965.615 ms - 1222[0m
[0mGET /api/v1/auth/me [32m200[0m 115.661 ms - 834[0m
[0mGET /api/v1/resources/label [32m200[0m 82.051 ms - 16[0m
[0mGET /api/v1/resources/label [36m304[0m 140.940 ms - -[0m
[0mGET /api/v1/auth/me [36m304[0m 155.220 ms - -[0m
[0mGET /api/v1/dashboard [32m200[0m 751.149 ms - 1095[0m
[0mGET /api/v1/notifications [32m200[0m 827.363 ms - 31[0m
[0mGET /api/v1/dashboard [36m304[0m 102.418 ms - -[0m
[0mGET /api/v1/notifications [36m304[0m 229.303 ms - -[0m
[0mPOST /api/v1/ai/chat [31m500[0m 874.838 ms - 144[0m
[0mGET /api/v1/dashboard [36m304[0m 75.117 ms - -[0m
[0mGET /api/v1/auth/me [36m304[0m 454.721 ms - -[0m
[0mGET /api/v1/notifications [36m304[0m 836.838 ms - -[0m
[0mGET /api/v1/resources/label [36m304[0m 1518.304 ms - -[0m
[0mGET /api/v1/resources/epic [32m200[0m 54.054 ms - 16[0m
[0mGET /api/v1/resources/component [32m200[0m 291.746 ms - 16[0m
[0mGET /api/v1/resources/workflow [32m200[0m 582.034 ms - 16[0m
[0mGET /api/v1/resources/issue-type [32m200[0m 779.591 ms - 16[0m
[0mGET /api/v1/resources/priority [32m200[0m 875.026 ms - 16[0m
[0mGET /api/v1/resources/release [32m200[0m 1080.217 ms - 16[0m
[0mGET /api/v1/resources/board [32m200[0m 57.174 ms - 16[0m
[0mGET /api/v1/resources/template [32m200[0m 192.252 ms - 16[0m
[0mGET /api/v1/resources/label [36m304[0m 270.735 ms - -[0m
[0mGET /api/v1/resources/milestone [32m200[0m 462.841 ms - 16[0m
[0mGET /api/v1/resources/custom-field [32m200[0m 493.263 ms - 16[0m
[0mGET /api/v1/resources/label [36m304[0m 57.491 ms - -[0m
[0mGET /api/v1/dashboard [36m304[0m 73.737 ms - -[0m
[0mGET /api/v1/auth/me [36m304[0m 91.858 ms - -[0m
[0mGET /api/v1/notifications [36m304[0m 112.583 ms - -[0m
[0mGET /api/v1/resources/label [36m304[0m 147.679 ms - -[0m
[0mGET /api/v1/dashboard [36m304[0m 165.795 ms - -[0m
[0mGET /api/v1/auth/me [36m304[0m 173.941 ms - -[0m
[0mGET /api/v1/notifications [36m304[0m 207.212 ms - -[0m
[0mGET /api/v1/resources/label [36m304[0m 142.472 ms - -[0m
[0mGET /api/v1/dashboard [36m304[0m 171.415 ms - -[0m
[0mGET /api/v1/auth/me [36m304[0m 181.611 ms - -[0m
[0mGET /api/v1/notifications [36m304[0m 194.079 ms - -[0m
[0mGET /api/v1/resources/label [36m304[0m 63.148 ms - -[0m
[0mGET /api/v1/dashboard [36m304[0m 89.716 ms - -[0m
[0mGET /api/v1/auth/me [36m304[0m 98.810 ms - -[0m
[0mGET /api/v1/notifications [36m304[0m 110.799 ms - -[0m
[0mGET /api/v1/resources/label [36m304[0m 51.354 ms - -[0m
[0mGET /api/v1/dashboard [36m304[0m 69.978 ms - -[0m
[0mGET /api/v1/auth/me [36m304[0m 92.031 ms - -[0m
[0mGET /api/v1/notifications [36m304[0m 113.782 ms - -[0m
[0mGET /api/v1/resources/label [36m304[0m 67.088 ms - -[0m
[0mGET /api/v1/dashboard [36m304[0m 178.189 ms - -[0m
[0mGET /api/v1/auth/me [36m304[0m 186.582 ms - -[0m
[0mGET /api/v1/notifications [36m304[0m 178.827 ms - -[0m
[0mGET /api/v1/resources/label [36m304[0m 90.118 ms - -[0m
[0mGET /api/v1/dashboard [36m304[0m 155.284 ms - -[0m
[0mGET /api/v1/auth/me [36m304[0m 162.367 ms - -[0m
[0mGET /api/v1/notifications [36m304[0m 159.032 ms - -[0m
[0mPOST /api/v1/projects [33m400[0m 4.946 ms - 229[0m
[0mPOST /api/v1/projects [32m201[0m 158.828 ms - 312[0m
[0mGET /api/v1/resources/label [36m304[0m 118.980 ms - -[0m
[0mGET /api/v1/dashboard [32m200[0m 475.775 ms - 1395[0m
[0mGET /api/v1/auth/me [36m304[0m 954.433 ms - -[0m
[0mGET /api/v1/notifications [36m304[0m 1291.243 ms - -[0m
[0mGET /api/v1/resources/label [36m304[0m 102.361 ms - -[0m
[0mGET /api/v1/dashboard [36m304[0m 365.086 ms - -[0m
[0mGET /api/v1/auth/me [36m304[0m 373.933 ms - -[0m
[0mGET /api/v1/notifications [36m304[0m 511.394 ms - -[0m
[0mGET /api/v1/resources/label [36m304[0m 145.731 ms - -[0m
[0mGET /api/v1/dashboard [36m304[0m 160.912 ms - -[0m
[0mGET /api/v1/auth/me [36m304[0m 167.524 ms - -[0m
[0mGET /api/v1/notifications [36m304[0m 219.532 ms - -[0m
[0mGET /api/v1/dashboard [36m304[0m 147.257 ms - -[0m
[0mGET /api/v1/resources/label [36m304[0m 142.290 ms - -[0m
[0mGET /api/v1/auth/me [36m304[0m 156.213 ms - -[0m
[0mGET /api/v1/notifications [36m304[0m 191.124 ms - -[0m
[0mGET /api/v1/resources/label [36m304[0m 68.287 ms - -[0m
[0mGET /api/v1/dashboard [36m304[0m 78.701 ms - -[0m
[0mGET /api/v1/auth/me [36m304[0m 91.366 ms - -[0m
[0mGET /api/v1/notifications [36m304[0m 129.916 ms - -[0m
[0mGET /api/v1/resources/label [36m304[0m 49.788 ms - -[0m
[0mGET /api/v1/dashboard [36m304[0m 63.256 ms - -[0m
[0mGET /api/v1/auth/me [36m304[0m 93.608 ms - -[0m
[0mGET /api/v1/notifications [36m304[0m 103.395 ms - -[0m
[0mGET /api/v1/resources/label [36m304[0m 53.051 ms - -[0m
[0mGET /api/v1/dashboard [36m304[0m 67.090 ms - -[0m
[0mGET /api/v1/auth/me [36m304[0m 91.441 ms - -[0m
[0mGET /api/v1/notifications [36m304[0m 105.690 ms - -[0m
[0mGET /api/v1/resources/label [36m304[0m 51.408 ms - -[0m
[0mGET /api/v1/dashboard [36m304[0m 69.215 ms - -[0m
[0mGET /api/v1/auth/me [36m304[0m 92.248 ms - -[0m
[0mGET /api/v1/notifications [36m304[0m 106.612 ms - -[0m
[0mGET /api/v1/resources/label [36m304[0m 51.000 ms - -[0m
[0mGET /api/v1/dashboard [36m304[0m 69.440 ms - -[0m
[0mGET /api/v1/auth/me [36m304[0m 98.576 ms - -[0m
[0mGET /api/v1/notifications [36m304[0m 111.444 ms - -[0m
[0mGET /api/v1/resources/label [36m304[0m 115.615 ms - -[0m
[0mGET /api/v1/dashboard [36m304[0m 127.709 ms - -[0m
[0mGET /api/v1/auth/me [36m304[0m 134.270 ms - -[0m
[0mGET /api/v1/notifications [36m304[0m 167.124 ms - -[0m
[0mGET /api/v1/dashboard [36m304[0m 67.083 ms - -[0m
[0mGET /api/v1/resources/label [36m304[0m 55.126 ms - -[0m
[0mGET /api/v1/auth/me [36m304[0m 92.863 ms - -[0m
[0mGET /api/v1/notifications [36m304[0m 105.274 ms - -[0m
[0mGET /api/v1/dashboard [36m304[0m 63.173 ms - -[0m
[0mGET /api/v1/resources/label [36m304[0m 60.538 ms - -[0m
[0mGET /api/v1/auth/me [36m304[0m 87.209 ms - -[0m
[0mGET /api/v1/notifications [36m304[0m 99.131 ms - -[0m
